<?xml version="1.0" encoding="utf-8"?><testsuites name="pytest tests"><testsuite name="pytest" errors="0" failures="0" skipped="0" tests="559" time="85.589" timestamp="2026-08-18T00:46:52.289884+08:00" hostname="InverterEngr"><testcase classname="services.tests.test_calibration_core.TestReadCalibrationBlockSync" name="test_constant_defaults" time="0.001" /><testcase classname="services.tests.test_calibration_core.TestReadCalibrationBlockSync" name="test_exception_during_read" time="0.000" /><testcase classname="services.tests.test_calibration_core.TestReadCalibrationBlockSync" name="test_lock_is_acquired" time="0.000" /><testcase classname="services.tests.test_calibration_core.TestReadCalibrationBlockSync" name="test_modbus_error" time="0.000" /><testcase classname="services.tests.test_calibration_core.TestReadCalibrationBlockSync" name="test_null_response" time="0.000" /><testcase classname="services.tests.test_calibration_core.TestReadCalibrationBlockSync" name="test_short_frame_fewer_than_expected" time="0.000" /><testcase classname="services.tests.test_calibration_core.TestReadCalibrationBlockSync" name="test_success_reads_15_regs_at_base_80" time="0.000" /><testcase classname="services.tests.test_calibration_core.TestReadCalibrationBlockSync" name="test_success_with_custom_base_and_count" time="0.000" /><testcase classname="services.tests.test_calibration_core.TestReadLiveForCalibrationSync" name="test_both_reads_null" time="0.000" /><testcase classname="services.tests.test_calibration_core.TestReadLiveForCalibrationSync" name="test_estado_bits_all_set" time="0.000" /><testcase classname="services.tests.test_calibration_core.TestReadLiveForCalibrationSync" name="test_exception_partial_read" time="0.000" /><testcase classname="services.tests.test_calibration_core.TestReadLiveForCalibrationSync" name="test_first_read_null" time="0.000" /><testcase classname="services.tests.test_calibration_core.TestReadLiveForCalibrationSync" name="test_idc_negative_signed" time="0.000" /><testcase classname="services.tests.test_calibration_core.TestReadLiveForCalibrationSync" name="test_pac_negative_signed" time="0.000" /><testcase classname="services.tests.test_calibration_core.TestReadLiveForCalibrationSync" name="test_pct_of_pn_calculation" time="0.000" /><testcase classname="services.tests.test_calibration_core.TestReadLiveForCalibrationSync" name="test_pct_of_pn_zero_when_nom_power_zero" time="0.000" /><testcase classname="services.tests.test_calibration_core.TestReadLiveForCalibrationSync" name="test_qac_negative_signed" time="0.000" /><testcase classname="services.tests.test_calibration_core.TestReadLiveForCalibrationSync" name="test_read_at_ms_present" time="0.000" /><testcase classname="services.tests.test_calibration_core.TestReadLiveForCalibrationSync" name="test_success_both_reads" time="0.000" /><testcase classname="services.tests.test_calibrator_flash_route_guard.CalibratorFlashRouteGuardTest" name="test_every_calibration_lock_acquire_is_guarded" time="0.014" /><testcase classname="services.tests.test_calibrator_flash_route_guard.CalibratorFlashRouteGuardTest" name="test_flash_starter_is_not_guarded" time="0.001" /><testcase classname="services.tests.test_calibrator_flash_route_guard.CalibratorFlashRouteGuardTest" name="test_helper_exists" time="0.000" /><testcase classname="services.tests.test_calibrator_service.TestCalibratorServiceIsolation" name="test_calibrator_app_exists" time="0.008" /><testcase classname="services.tests.test_calibrator_service.TestCalibratorServiceIsolation" name="test_import_calibrator_service_does_not_directly_import_engine" time="0.015" /><testcase classname="services.tests.test_calibrator_service.TestTransportRegistry" name="test_lock_is_shared" time="0.001" /><testcase classname="services.tests.test_calibrator_service.TestTransportRegistry" name="test_registry_starts_empty" time="0.000" /><testcase classname="services.tests.test_calibrator_service.TestTransportRegistry" name="test_serial_client_creation" time="0.001" /><testcase classname="services.tests.test_calibrator_service.TestTransportRegistry" name="test_tcp_client_creation" time="0.001" /><testcase classname="services.tests.test_calibrator_service.TestTransportRegistry" name="test_transport_switching_closes_prior_client" time="0.001" /><testcase classname="services.tests.test_calibrator_service.TestLockdownState" name="test_lockdown_initialization" time="0.000" /><testcase classname="services.tests.test_calibrator_service.TestLockdownState" name="test_lockdown_state_independent" time="0.000" /><testcase classname="services.tests.test_calibrator_service.TestConsignApcCore" name="test_consign_apc_0_percent" time="0.001" /><testcase classname="services.tests.test_calibrator_service.TestConsignApcCore" name="test_consign_apc_100_percent" time="0.001" /><testcase classname="services.tests.test_calibrator_service.TestConsignApcCore" name="test_consign_apc_20_percent" time="0.000" /><testcase classname="services.tests.test_calibrator_service.TestConsignApcCore" name="test_consign_apc_70_percent" time="0.000" /><testcase classname="services.tests.test_calibrator_service.TestConsignApcCore" name="test_consign_apc_clamps_negative" time="0.000" /><testcase classname="services.tests.test_calibrator_service.TestConsignApcCore" name="test_consign_apc_clamps_over_100" time="0.000" /><testcase classname="services.tests.test_calibrator_service.TestConsignApcCore" name="test_consign_apc_modbus_error" time="0.000" /><testcase classname="services.tests.test_calibrator_service.TestConsignApcCore" name="test_consign_apc_null_response" time="0.000" /><testcase classname="services.tests.test_calibrator_service.TestConsignApcCore" name="test_consign_apc_uses_lock" time="0.000" /><testcase classname="services.tests.test_calibrator_service.TestConsignApcServiceEndpoint" name="test_consign_endpoint_not_stub" time="0.001" /><testcase classname="services.tests.test_calibrator_service.TestTransportSelectInputValidation" name="test_invalid_baud_rejected" time="0.000" /><testcase classname="services.tests.test_calibrator_service.TestTransportSelectInputValidation" name="test_invalid_bytesize_rejected" time="0.000" /><testcase classname="services.tests.test_calibrator_service.TestTransportSelectInputValidation" name="test_invalid_ipv4_rejected" time="0.000" /><testcase classname="services.tests.test_calibrator_service.TestTransportSelectInputValidation" name="test_invalid_parity_rejected" time="0.000" /><testcase classname="services.tests.test_calibrator_service.TestTransportSelectInputValidation" name="test_invalid_serial_port_rejected" time="0.000" /><testcase classname="services.tests.test_calibrator_service.TestTransportSelectInputValidation" name="test_invalid_stopbits_rejected" time="0.000" /><testcase classname="services.tests.test_calibrator_service.TestTransportSelectInputValidation" name="test_valid_ipv4_accepted" time="0.000" /><testcase classname="services.tests.test_calibrator_service.TestTransportSelectInputValidation" name="test_valid_serial_params" time="0.000" /><testcase classname="services.tests.test_calibrator_service.TestTransportSelectInputValidation" name="test_valid_serial_port_accepted" time="0.000" /><testcase classname="services.tests.test_cfg_block_write" name="test_u16_zero_and_max_accept" time="0.000" /><testcase classname="services.tests.test_cfg_block_write" name="test_u16_string_input_accepts_decimal_and_hex" time="0.000" /><testcase classname="services.tests.test_cfg_block_write" name="test_u16_negative_rejected" time="0.000" /><testcase classname="services.tests.test_cfg_block_write" name="test_u16_overflow_rejected" time="0.000" /><testcase classname="services.tests.test_cfg_block_write" name="test_i16_round_trip_negative" time="0.000" /><testcase classname="services.tests.test_cfg_block_write" name="test_i16_positive_max" time="0.000" /><testcase classname="services.tests.test_cfg_block_write" name="test_i16_out_of_range_rejected" time="0.000" /><testcase classname="services.tests.test_cfg_block_write" name="test_x10_multiple_of_10_accepted" time="0.000" /><testcase classname="services.tests.test_cfg_block_write" name="test_x10_not_multiple_of_10_rejected_with_hint" time="0.000" /><testcase classname="services.tests.test_cfg_block_write" name="test_x10_negative_rejected" time="0.000" /><testcase classname="services.tests.test_cfg_block_write" name="test_x10_raw_overflow_rejected" time="0.000" /><testcase classname="services.tests.test_cfg_block_write" name="test_c100_grid_frequencies" time="0.000" /><testcase classname="services.tests.test_cfg_block_write" name="test_c100_negative_decoded_as_signed" time="0.000" /><testcase classname="services.tests.test_cfg_block_write" name="test_c100_rounding" time="0.000" /><testcase classname="services.tests.test_cfg_block_write" name="test_c100_string_input" time="0.000" /><testcase classname="services.tests.test_cfg_block_write" name="test_c100_out_of_range_rejected" time="0.000" /><testcase classname="services.tests.test_cfg_block_write" name="test_can_encodes_display_plus_one" time="0.000" /><testcase classname="services.tests.test_cfg_block_write" name="test_can_overflow_rejected" time="0.001" /><testcase classname="services.tests.test_cfg_block_write" name="test_bits_single_returns_0_or_1" time="0.000" /><testcase classname="services.tests.test_cfg_block_write" name="test_bits_single_rejects_other_values" time="0.000" /><testcase classname="services.tests.test_cfg_block_write" name="test_bits_slice_range_check" time="0.000" /><testcase classname="services.tests.test_cfg_block_write" name="test_bits_missing_specifier_rejected" time="0.000" /><testcase classname="services.tests.test_cfg_block_write" name="test_merge_single_bit_set" time="0.000" /><testcase classname="services.tests.test_cfg_block_write" name="test_merge_single_bit_clear_preserves_others" time="0.000" /><testcase classname="services.tests.test_cfg_block_write" name="test_merge_multi_bit_slice" time="0.000" /><testcase classname="services.tests.test_cfg_block_write" name="test_merge_multi_bit_preserves_surrounding" time="0.000" /><testcase classname="services.tests.test_cfg_block_write" name="test_merge_bit_out_of_range_rejected" time="0.000" /><testcase classname="services.tests.test_cfg_block_write" name="test_unsupported_kind_refused[dt6]" time="0.000" /><testcase classname="services.tests.test_cfg_block_write" name="test_unsupported_kind_refused[recta]" time="0.000" /><testcase classname="services.tests.test_cfg_block_write" name="test_unsupported_kind_refused[byte]" time="0.000" /><testcase classname="services.tests.test_cfg_block_write" name="test_protected_field_refused[ValidCfgCode]" time="0.000" /><testcase classname="services.tests.test_cfg_block_write" name="test_protected_field_refused[FechaConfiguracion]" time="0.000" /><testcase classname="services.tests.test_cfg_block_write" name="test_protected_field_refused[NumGrabaciones]" time="0.000" /><testcase classname="services.tests.test_cfg_block_write" name="test_writable_predicate_true_for_supported" time="0.000" /><testcase classname="services.tests.test_cfg_block_write" name="test_writable_predicate_false_for_unsupported" time="0.000" /><testcase classname="services.tests.test_cfg_block_write" name="test_writable_predicate_false_for_protected" time="0.000" /><testcase classname="services.tests.test_cfg_block_write" name="test_writable_predicate_safe_on_garbage" time="0.000" /><testcase classname="services.tests.test_cfg_full_settings" name="test_block_length" time="0.000" /><testcase classname="services.tests.test_cfg_full_settings" name="test_full_settings_available_and_grouped" time="0.001" /><testcase classname="services.tests.test_cfg_full_settings" name="test_audit_values_match" time="0.000" /><testcase classname="services.tests.test_cfg_full_settings" name="test_calibration_block_diff_locked" time="0.000" /><testcase classname="services.tests.test_cfg_full_settings" name="test_config_block_embeds_full" time="0.001" /><testcase classname="services.tests.test_cfg_map_ism_alignment" name="test_every_committed_field_matches_ism_offset" time="0.038" /><testcase classname="services.tests.test_cfg_map_ism_alignment" name="test_every_committed_field_matches_ism_kind" time="0.002" /><testcase classname="services.tests.test_cfg_map_ism_alignment" name="test_reactive_y_coords_are_unsigned" time="0.000" /><testcase classname="services.tests.test_cfg_map_ism_alignment" name="test_calibration_decoder_y_coords_are_unsigned" time="0.000" /><testcase classname="services.tests.test_cfg_map_ism_alignment" name="test_can_kind_is_off_by_one_against_raw" time="0.000" /><testcase classname="services.tests.test_client_rebuild.TestShouldRebuildClient" name="test_disabled_flag_blocks" time="0.002" /><testcase classname="services.tests.test_client_rebuild.TestShouldRebuildClient" name="test_exactly_at_failure_threshold_rebuilds" time="0.000" /><testcase classname="services.tests.test_client_rebuild.TestShouldRebuildClient" name="test_exactly_at_rebuild_interval_rebuilds" time="0.000" /><testcase classname="services.tests.test_client_rebuild.TestShouldRebuildClient" name="test_firmware_flash_blocks" time="0.000" /><testcase classname="services.tests.test_client_rebuild.TestShouldRebuildClient" name="test_just_before_failure_threshold_blocks" time="0.000" /><testcase classname="services.tests.test_client_rebuild.TestShouldRebuildClient" name="test_just_before_rebuild_interval_rate_limited" time="0.000" /><testcase classname="services.tests.test_client_rebuild.TestShouldRebuildClient" name="test_rebuilds_when_dead_long_enough" time="0.000" /><testcase classname="services.tests.test_client_rebuild.TestShouldRebuildClient" name="test_recent_rebuild_rate_limited" time="0.000" /><testcase classname="services.tests.test_client_rebuild.TestShouldRebuildClient" name="test_recent_success_blocks" time="0.001" /><testcase classname="services.tests.test_client_rebuild.TestShouldRebuildClient" name="test_write_pending_blocks" time="0.000" /><testcase classname="services.tests.test_consign_core.TestConsignApcCoreScaling" name="test_q15_clamps_negative" time="0.000" /><testcase classname="services.tests.test_consign_core.TestConsignApcCoreScaling" name="test_q15_clamps_over_100" time="0.000" /><testcase classname="services.tests.test_consign_core.TestConsignApcCoreScaling" name="test_q15_from_0_percent" time="0.000" /><testcase classname="services.tests.test_consign_core.TestConsignApcCoreScaling" name="test_q15_from_100_percent" time="0.000" /><testcase classname="services.tests.test_consign_core.TestConsignApcCoreScaling" name="test_q15_from_20_percent" time="0.000" /><testcase classname="services.tests.test_consign_core.TestConsignApcCoreScaling" name="test_q15_from_70_percent" time="0.000" /><testcase classname="services.tests.test_consign_core.TestConsignApcWithLock" name="test_consign_0_percent_writes_correct_registers" time="0.000" /><testcase classname="services.tests.test_consign_core.TestConsignApcWithLock" name="test_consign_100_percent_writes_correct_registers" time="0.000" /><testcase classname="services.tests.test_consign_core.TestConsignApcWithLock" name="test_consign_20_percent_writes_correct_registers" time="0.000" /><testcase classname="services.tests.test_consign_core.TestConsignApcWithLock" name="test_consign_70_percent_writes_correct_registers" time="0.000" /><testcase classname="services.tests.test_consign_core.TestConsignApcWithLock" name="test_consign_exception_caught" time="0.000" /><testcase classname="services.tests.test_consign_core.TestConsignApcWithLock" name="test_consign_modbus_error_response" time="0.000" /><testcase classname="services.tests.test_consign_core.TestConsignApcWithLock" name="test_consign_multiple_slaves" time="0.000" /><testcase classname="services.tests.test_consign_core.TestConsignApcWithLock" name="test_consign_null_response" time="0.000" /><testcase classname="services.tests.test_consign_core.TestConsignApcWithLock" name="test_consign_opcode_set_p_is_0x0003" time="0.000" /><testcase classname="services.tests.test_consign_core.TestConsignApcWithLock" name="test_consign_register_address_is_0x03e8" time="0.000" /><testcase classname="services.tests.test_consign_core.TestConsignApcWithLock" name="test_consign_rejects_negative_percent" time="0.000" /><testcase classname="services.tests.test_consign_core.TestConsignApcWithLock" name="test_consign_rejects_over_100_percent" time="0.000" /><testcase classname="services.tests.test_consign_core.TestConsignApcWithLock" name="test_consign_response_shape_matches_http_contract" time="0.000" /><testcase classname="services.tests.test_consign_core.TestConsignApcWithLock" name="test_consign_uses_lock" time="0.000" /><testcase classname="services.tests.test_counter_health.RtcYearValidTests" name="test_2047_rejected" time="0.003" /><testcase classname="services.tests.test_counter_health.RtcYearValidTests" name="test_current_year_ok" time="0.000" /><testcase classname="services.tests.test_counter_health.RtcYearValidTests" name="test_plus_one_year_ok" time="0.001" /><testcase classname="services.tests.test_counter_health.RtcYearValidTests" name="test_rtc_valid_false" time="0.000" /><testcase classname="services.tests.test_counter_health.CounterAdvancingTests" name="test_active_and_advancing" time="0.003" /><testcase classname="services.tests.test_counter_health.CounterAdvancingTests" name="test_active_and_frozen" time="0.000" /><testcase classname="services.tests.test_counter_health.CounterAdvancingTests" name="test_idle_and_frozen_ok" time="0.000" /><testcase classname="services.tests.test_counter_health.CounterAdvancingTests" name="test_short_history" time="0.000" /><testcase classname="services.tests.test_counter_health.ParcePrecisionTests" name="test_empty_allowed" time="0.002" /><testcase classname="services.tests.test_counter_health.ParcePrecisionTests" name="test_flat_rejected" time="0.000" /><testcase classname="services.tests.test_counter_health.ParcePrecisionTests" name="test_in_band" time="0.000" /><testcase classname="services.tests.test_counter_health.TrustCompositionTests" name="test_all_conditions_pass" time="0.003" /><testcase classname="services.tests.test_counter_health.TrustCompositionTests" name="test_frozen_counter_untrusted" time="0.000" /><testcase classname="services.tests.test_counter_health.TrustCompositionTests" name="test_rtc_invalid_untrusted" time="0.000" /><testcase classname="services.tests.test_firmware_buslock.FirmwareBusLockTest" name="test_claim_then_active_then_release" time="0.028" /><testcase classname="services.tests.test_firmware_buslock.FirmwareBusLockTest" name="test_expiry_is_honoured" time="0.022" /><testcase classname="services.tests.test_firmware_buslock.FirmwareBusLockTest" name="test_fail_open_on_corrupt_marker" time="0.034" /><testcase classname="services.tests.test_firmware_buslock.FirmwareBusLockTest" name="test_fail_open_on_missing_marker" time="0.001" /><testcase classname="services.tests.test_firmware_buslock.FirmwareBusLockTest" name="test_filter_active_pure" time="0.001" /><testcase classname="services.tests.test_firmware_buslock.FirmwareBusLockTest" name="test_heartbeat_extends_expiry" time="0.035" /><testcase classname="services.tests.test_firmware_buslock.FirmwareBusLockTest" name="test_serial_flash_writes_no_claim" time="0.001" /><testcase classname="services.tests.test_firmware_buslock.FirmwareBusLockTest" name="test_two_inverters_independent" time="0.060" /><testcase classname="services.tests.test_firmware_loader.TestSrecChecksum" name="test_every_line_in_real_file_is_valid" time="0.031" /><testcase classname="services.tests.test_firmware_loader.TestSrecChecksum" name="test_length_mismatch_rejected" time="0.001" /><testcase classname="services.tests.test_firmware_loader.TestSrecChecksum" name="test_tampered_data_byte_is_rejected" time="0.001" /><testcase classname="services.tests.test_firmware_loader.TestAuditDerivedFacts" name="test_record_counts_and_entry" time="0.053" /><testcase classname="services.tests.test_firmware_loader.TestFlashMap" name="test_dir_flash_2_index" time="0.001" /><testcase classname="services.tests.test_firmware_loader.TestFlashMap" name="test_dsp803_map_differs" time="0.000" /><testcase classname="services.tests.test_firmware_loader.TestFlashMap" name="test_dsp807_map_shape" time="0.002" /><testcase classname="services.tests.test_firmware_loader.TestTargetDspGates" name="test_2005_or_older" time="0.000" /><testcase classname="services.tests.test_firmware_loader.TestTargetDspGates" name="test_unsupported_s" time="0.000" /><testcase classname="services.tests.test_firmware_loader.TestFlashImageEquivalence" name="test_blank_words_remain_ffff" time="0.078" /><testcase classname="services.tests.test_firmware_loader.TestFlashImageEquivalence" name="test_corrupted_s3_line_raises" time="0.031" /><testcase classname="services.tests.test_firmware_loader.TestFlashImageEquivalence" name="test_every_reference_word_present_in_banks" time="0.052" /><testcase classname="services.tests.test_firmware_loader.TestFlashImageEquivalence" name="test_frame_counts_consistent" time="0.054" /><testcase classname="services.tests.test_firmware_loader.TestFlashImageEquivalence" name="test_loader_runs_clean_on_real_file" time="0.000" /><testcase classname="services.tests.test_firmware_loader.TestPhase1bFrameBuilders" name="test_end_frame_global_checksum" time="0.073" /><testcase classname="services.tests.test_firmware_loader.TestPhase1bFrameBuilders" name="test_envelope_shape" time="0.000" /><testcase classname="services.tests.test_firmware_loader.TestPhase1bFrameBuilders" name="test_every_frame_xor_checksum_self_consistent" time="0.005" /><testcase classname="services.tests.test_firmware_loader.TestPhase1bFrameBuilders" name="test_frames_reconstruct_phase1a_banks" time="0.013" /><testcase classname="services.tests.test_firmware_loader.TestPhase1bFrameBuilders" name="test_hardcoded_offsets_equal_bank_starts" time="0.001" /><testcase classname="services.tests.test_firmware_loader.TestPhase1bFrameBuilders" name="test_known_vectors" time="0.000" /><testcase classname="services.tests.test_firmware_loader.TestPhase1bFrameBuilders" name="test_legacy_pre2009_opcodes" time="0.018" /><testcase classname="services.tests.test_firmware_loader.TestPhase1cDryRun" name="test_clean_dry_run_matches_image" time="0.091" /><testcase classname="services.tests.test_firmware_loader.TestPhase1cDryRun" name="test_data_frame_exhausts_retries_raises_with_diag" time="0.019" /><testcase classname="services.tests.test_firmware_loader.TestPhase1cDryRun" name="test_fatal_status_3_raises" time="0.018" /><testcase classname="services.tests.test_firmware_loader.TestPhase1cDryRun" name="test_first_frame_wait_is_before_first_data_send" time="0.018" /><testcase classname="services.tests.test_firmware_loader.TestPhase1cDryRun" name="test_global_checksum_rejected_raises" time="0.018" /><testcase classname="services.tests.test_firmware_loader.TestPhase1cDryRun" name="test_legacy_dry_run_ok" time="0.039" /><testcase classname="services.tests.test_firmware_loader.TestPhase1cDryRun" name="test_recoverable_err2_then_success" time="0.037" /><testcase classname="services.tests.test_firmware_loader.TestPhase1cDryRun" name="test_recoverable_nack_then_success" time="0.035" /><testcase classname="services.tests.test_firmware_loader.TestPhase1cDryRun" name="test_recoverable_timeout_then_success" time="0.037" /><testcase classname="services.tests.test_firmware_loader.TestPhase1cDryRun" name="test_start_never_answered_raises" time="0.016" /><testcase classname="services.tests.test_firmware_loader.TestPhase1Hardening" name="test_empty_file_rejected" time="0.001" /><testcase classname="services.tests.test_firmware_loader.TestPhase1Hardening" name="test_missing_file_rejected_cleanly" time="0.000" /><testcase classname="services.tests.test_firmware_loader.TestPhase1Hardening" name="test_mockdsp_nacks_truncated_data_frame" time="0.075" /><testcase classname="services.tests.test_firmware_loader.TestPhase1Hardening" name="test_oversize_file_rejected" time="0.001" /><testcase classname="services.tests.test_firmware_loader.TestPhase1Hardening" name="test_programming_error_in_transport_propagates" time="0.073" /><testcase classname="services.tests.test_firmware_loader.TestPhase1Hardening" name="test_transport_protocol_satisfied_by_mockdsp" time="0.058" /><testcase classname="services.tests.test_firmware_transport.TestVerifyFirmwareFile" name="test_accepts_real_file_and_returns_sha" time="0.003" /><testcase classname="services.tests.test_firmware_transport.TestVerifyFirmwareFile" name="test_allowed_dir_confines_path" time="0.001" /><testcase classname="services.tests.test_firmware_transport.TestVerifyFirmwareFile" name="test_missing_non_s_empty_oversize_badname_rejected" time="0.003" /><testcase classname="services.tests.test_firmware_transport.TestVerifyFirmwareFile" name="test_sha_allowlist_mismatch_rejected" time="0.001" /><testcase classname="services.tests.test_firmware_transport.TestCompatGate" name="test_compatible_passes" time="0.057" /><testcase classname="services.tests.test_firmware_transport.TestCompatGate" name="test_downgrade_blocked_unless_forced" time="0.000" /><testcase classname="services.tests.test_firmware_transport.TestCompatGate" name="test_downgrade_ignores_aux_firmware_main" time="0.000" /><testcase classname="services.tests.test_firmware_transport.TestCompatGate" name="test_model_mismatch_blocks" time="0.000" /><testcase classname="services.tests.test_firmware_transport.TestCompatGate" name="test_none_identity_blocks" time="0.000" /><testcase classname="services.tests.test_firmware_transport.TestCompatGate" name="test_upgrade_direction_classified" time="0.000" /><testcase classname="services.tests.test_firmware_transport.TestEmbeddedFirmwareCode" name="test_orchestrator_rejects_renamed_in_dryrun" time="0.090" /><testcase classname="services.tests.test_firmware_transport.TestEmbeddedFirmwareCode" name="test_real_file_passes" time="0.002" /><testcase classname="services.tests.test_firmware_transport.TestEmbeddedFirmwareCode" name="test_renamed_file_rejected" time="0.033" /><testcase classname="services.tests.test_firmware_transport.TestTransportFraming" name="test_host_required" time="0.000" /><testcase classname="services.tests.test_firmware_transport.TestTransportFraming" name="test_mbap_roundtrip_via_fakesocket" time="0.059" /><testcase classname="services.tests.test_firmware_transport.TestOrchestratorDryRun" name="test_dry_run_default_never_touches_socket" time="0.097" /><testcase classname="services.tests.test_firmware_transport.TestOrchestratorDryRun" name="test_unknown_mode_rejected" time="0.000" /><testcase classname="services.tests.test_firmware_transport.TestLiveGates" name="test_audit_required" time="0.156" /><testcase classname="services.tests.test_firmware_transport.TestLiveGates" name="test_broadcast_node_rejected" time="0.115" /><testcase classname="services.tests.test_firmware_transport.TestLiveGates" name="test_bus_lock_required" time="0.059" /><testcase classname="services.tests.test_firmware_transport.TestLiveGates" name="test_confirm_required" time="0.059" /><testcase classname="services.tests.test_firmware_transport.TestLiveGates" name="test_happy_live_path_with_injected_transport" time="13.170" /><testcase classname="services.tests.test_firmware_transport.TestLiveGates" name="test_host_required_live" time="0.056" /><testcase classname="services.tests.test_firmware_transport.TestLiveGates" name="test_identity_required" time="0.052" /><testcase classname="services.tests.test_firmware_transport.TestLiveGates" name="test_neither_host_nor_serial_rejected" time="0.053" /><testcase classname="services.tests.test_firmware_transport.TestLiveGates" name="test_prior_dry_run_required" time="0.111" /><testcase classname="services.tests.test_firmware_transport.TestLiveGates" name="test_serial_and_host_both_rejected" time="0.055" /><testcase classname="services.tests.test_firmware_transport.TestLiveGates" name="test_serial_happy_path_with_injected_rtu" time="13.153" /><testcase classname="services.tests.test_firmware_transport.TestLiveGates" name="test_serial_requires_injected_transport" time="0.055" /><testcase classname="services.tests.test_firmware_transport.TestRtuTransport" name="test_port_required" time="0.000" /><testcase classname="services.tests.test_firmware_transport.TestRtuTransport" name="test_rtu_crc_mismatch_raises" time="0.050" /><testcase classname="services.tests.test_firmware_transport.TestRtuTransport" name="test_rtu_full_dry_equivalent_flash" time="0.148" /><testcase classname="services.tests.test_firmware_transport.TestRtuTransport" name="test_rtu_report_slave_id_parses" time="0.001" /><testcase classname="services.tests.test_firmware_transport.TestRtuTransport" name="test_rtu_roundtrip_via_fakeserial" time="0.054" /><testcase classname="services.tests.test_forecast_engine_audit_fixes.TestAuditFixes" name="test_cap_dispatch_tolerance_constant_exists" time="0.000" /><testcase classname="services.tests.test_forecast_engine_audit_fixes.TestAuditFixes" name="test_cap_dispatch_tolerance_used_by_curtailed_mask" time="0.000" /><testcase classname="services.tests.test_forecast_engine_audit_fixes.TestAuditFixes" name="test_regime_transition_detection_exists" time="0.000" /><testcase classname="services.tests.test_forecast_engine_audit_fixes.TestAuditFixes" name="test_regime_transition_sparse_emerging_regime" time="0.000" /><testcase classname="services.tests.test_forecast_engine_audit_fixes.TestAuditFixes" name="test_regime_transition_stable_regime" time="0.000" /><testcase classname="services.tests.test_forecast_engine_audit_fixes.TestAuditFixes" name="test_regime_min_days_transition_constant" time="0.000" /><testcase classname="services.tests.test_forecast_engine_audit_fixes.TestAuditFixes" name="test_feature_count_is_72" time="0.001" /><testcase classname="services.tests.test_forecast_engine_audit_fixes.TestAuditFixes" name="test_legacy_model_truncation_atomic" time="0.077" /><testcase classname="services.tests.test_forecast_engine_audit_fixes.TestAuditFixes" name="test_persist_train_state_has_status_flags" time="0.001" /><testcase classname="services.tests.test_forecast_engine_audit_fixes.TestAuditFixes" name="test_collect_data_quality_warnings_excludes_backend_fallback" time="0.001" /><testcase classname="services.tests.test_forecast_engine_audit_fixes.TestAuditFixes" name="test_compute_error_memory_docstring_updated" time="0.000" /><testcase classname="services.tests.test_forecast_engine_audit_fixes.TestAuditFixes" name="test_ml_n1_quality_weight_named_constants" time="0.000" /><testcase classname="services.tests.test_forecast_engine_audit_fixes.TestAuditFixes" name="test_feature_cols_count_assertion_in_tests" time="0.002" /><testcase classname="services.tests.test_forecast_engine_audit_fixes.TestOverrideToMeanBlend100" name="test_override_to_mean_blend_100_in_run_dayahead_params" time="0.000" /><testcase classname="services.tests.test_forecast_engine_audit_fixes.TestOverrideToMeanBlend100" name="test_override_to_mean_blend_100_suppresses_residual" time="0.004" /><testcase classname="services.tests.test_forecast_engine_audit_fixes.TestRegimeTransitionEdgeCase" name="test_monsoon_onset_scenario" time="0.000" /><testcase classname="services.tests.test_forecast_engine_audit_fixes.TestRegimeTransitionEdgeCase" name="test_transition_threshold_hierarchy" time="0.000" /><testcase classname="services.tests.test_forecast_engine_audit_fixes.TestSklearnVsLightGBMBackend" name="test_ml_backend_detail_function_exists" time="0.000" /><testcase classname="services.tests.test_forecast_engine_audit_fixes.TestSklearnVsLightGBMBackend" name="test_ml_backend_function_exists" time="0.000" /><testcase classname="services.tests.test_forecast_engine_audit_fixes.TestSklearnVsLightGBMBackend" name="test_forecast_use_lightgbm_flag" time="0.000" /><testcase classname="services.tests.test_forecast_engine_audit_fixes.TestSklearnVsLightGBMBackend" name="test_lightgbm_import_error_captured" time="0.000" /><testcase classname="services.tests.test_forecast_engine_audit_fixes.TestForecastTunables" name="test_helper_exists" time="0.000" /><testcase classname="services.tests.test_forecast_engine_audit_fixes.TestForecastTunables" name="test_unset_returns_none" time="0.025" /><testcase classname="services.tests.test_forecast_engine_audit_fixes.TestForecastTunables" name="test_valid_value_passthrough" time="0.007" /><testcase classname="services.tests.test_forecast_engine_audit_fixes.TestForecastTunables" name="test_out_of_range_clamped" time="0.008" /><testcase classname="services.tests.test_forecast_engine_audit_fixes.TestForecastTunables" name="test_invalid_value_returns_none" time="0.009" /><testcase classname="services.tests.test_forecast_engine_audit_fixes.TestForecastTunables" name="test_tunables_wired_into_engine" time="0.002" /><testcase classname="services.tests.test_forecast_engine_audit_fixes.TestForecastTunables" name="test_engine_defaults_unchanged" time="0.000" /><testcase classname="services.tests.test_forecast_engine_audit_fixes.TestPhysicsFallback" name="test_bool_helper_exists" time="0.000" /><testcase classname="services.tests.test_forecast_engine_audit_fixes.TestPhysicsFallback" name="test_bool_unset_returns_default" time="0.007" /><testcase classname="services.tests.test_forecast_engine_audit_fixes.TestPhysicsFallback" name="test_bool_true_false_parsing" time="0.051" /><testcase classname="services.tests.test_forecast_engine_audit_fixes.TestPhysicsFallback" name="test_bool_garbage_returns_default" time="0.008" /><testcase classname="services.tests.test_forecast_engine_audit_fixes.TestPhysicsFallback" name="test_blend_with_none_is_physics_passthrough" time="0.001" /><testcase classname="services.tests.test_forecast_engine_audit_fixes.TestPhysicsFallback" name="test_fallback_meta_classifies_as_ml_without_solcast" time="0.000" /><testcase classname="services.tests.test_forecast_engine_audit_fixes.TestPhysicsFallback" name="test_fallback_branch_wired" time="0.005" /><testcase classname="services.tests.test_forecast_engine_audit_fixes.TestPhysicsFallback" name="test_primary_path_contract_preserved" time="0.005" /><testcase classname="services.tests.test_forecast_engine_audit_fixes.TestPhysicsFallback" name="test_no_dead_residual_var" time="0.002" /><testcase classname="services.tests.test_forecast_engine_constraints.ForecastEngineConstraintTests" name="test_compute_forecast_metrics_excludes_missing_and_operational_slots" time="0.009" /><testcase classname="services.tests.test_forecast_engine_constraints.ForecastEngineConstraintTests" name="test_curtailed_mask_uses_configured_forecast_export_limit" time="0.012" /><testcase classname="services.tests.test_forecast_engine_constraints.ForecastEngineConstraintTests" name="test_error_memory_ignores_operational_slots" time="0.019" /><testcase classname="services.tests.test_forecast_engine_constraints.ForecastEngineConstraintTests" name="test_has_forecast_dayahead_in_db_requires_full_solar_window" time="0.015" /><testcase classname="services.tests.test_forecast_engine_constraints.ForecastEngineConstraintTests" name="test_operational_constraint_profile_tracks_carryover_and_mixed_scope" time="0.015" /><testcase classname="services.tests.test_forecast_engine_constraints.ForecastEngineConstraintTests" name="test_register_forecast_failure_backoff_caps_and_grows" time="0.005" /><testcase classname="services.tests.test_forecast_engine_constraints.ForecastEngineConstraintTests" name="test_resolve_service_target_date_prioritizes_today_before_sunrise_and_when_missing" time="0.006" /><testcase classname="services.tests.test_forecast_engine_constraints.ForecastEngineConstraintTests" name="test_write_forecast_returns_false_when_db_write_fails_even_if_json_succeeds" time="0.006" /><testcase classname="services.tests.test_forecast_engine_error_classifier.ForecastEngineErrorClassifierTests" name="test_confidence_bands_widen_with_low_classifier_confidence" time="0.013" /><testcase classname="services.tests.test_forecast_engine_error_classifier.ForecastEngineErrorClassifierTests" name="test_fit_error_classifier_skips_when_only_one_class_present" time="0.011" /><testcase classname="services.tests.test_forecast_engine_error_classifier.ForecastEngineErrorClassifierTests" name="test_forecast_qa_logs_bucket_and_classifier_summaries" time="1.176" /><testcase classname="services.tests.test_forecast_engine_error_classifier.ForecastEngineErrorClassifierTests" name="test_forecast_qa_stores_resolution_history" time="0.967" /><testcase classname="services.tests.test_forecast_engine_error_classifier.ForecastEngineErrorClassifierTests" name="test_load_solcast_snapshot_derives_kwh_from_raw_mw" time="0.013" /><testcase classname="services.tests.test_forecast_engine_error_classifier.ForecastEngineErrorClassifierTests" name="test_numpy_rolling_helpers_match_pandas" time="0.006" /><testcase classname="services.tests.test_forecast_engine_error_classifier.ForecastEngineErrorClassifierTests" name="test_predict_error_classifier_damps_sparse_extremes" time="0.021" /><testcase classname="services.tests.test_forecast_engine_error_classifier.ForecastEngineErrorClassifierTests" name="test_probability_temperature_and_blocked_holdout_helpers" time="0.005" /><testcase classname="services.tests.test_forecast_engine_error_classifier.ForecastEngineErrorClassifierTests" name="test_run_backtest_logs_bucket_and_regime_summaries" time="0.009" /><testcase classname="services.tests.test_forecast_engine_error_classifier.ForecastEngineErrorClassifierTests" name="test_run_dayahead_hard_fail_when_fallback_disabled" time="0.019" /><testcase classname="services.tests.test_forecast_engine_error_classifier.ForecastEngineErrorClassifierTests" name="test_run_dayahead_physics_fallback_when_no_solcast" time="0.026" /><testcase classname="services.tests.test_forecast_engine_error_classifier.ForecastEngineErrorClassifierTests" name="test_run_dayahead_returns_error_class_meta_and_bias" time="0.049" /><testcase classname="services.tests.test_forecast_engine_error_classifier.ForecastEngineErrorClassifierTests" name="test_solcast_prior_prefers_clear_weather_when_reliable" time="0.009" /><testcase classname="services.tests.test_forecast_engine_error_classifier.ForecastEngineErrorClassifierTests" name="test_solcast_prior_scales_blend_by_resolution_profile" time="0.008" /><testcase classname="services.tests.test_forecast_engine_error_classifier.ForecastEngineErrorClassifierTests" name="test_solcast_reliability_uses_loss_adjusted_actuals" time="0.015" /><testcase classname="services.tests.test_forecast_engine_error_classifier.ForecastEngineErrorClassifierTests" name="test_support_and_weather_profile_reliability_helpers" time="0.008" /><testcase classname="services.tests.test_forecast_engine_error_classifier.ForecastEngineErrorClassifierTests" name="test_training_models_record_blocked_stage_validation" time="0.336" /><testcase classname="services.tests.test_forecast_engine_error_classifier.ForecastEngineErrorClassifierTests" name="test_vectorized_bucket_classification_matches_reference_rules" time="0.011" /><testcase classname="services.tests.test_forecast_engine_error_classifier.ForecastEngineErrorClassifierTests" name="test_weather_bucket_and_residual_classification" time="0.014" /><testcase classname="services.tests.test_forecast_engine_ipconfig.ForecastEngineIpConfigTests" name="test_db_ipconfig_overrides_stale_file_for_capacity_and_losses" time="0.019" /><testcase classname="services.tests.test_forecast_engine_ipconfig.ForecastEngineIpConfigTests" name="test_missing_ipconfig_defaults_to_3_0_percent_losses_for_forecast_only" time="0.008" /><testcase classname="services.tests.test_forecast_engine_triband.TestTriBandSnapshotLoading" name="test_snapshot_with_triband_values" time="0.001" /><testcase classname="services.tests.test_forecast_engine_triband.TestTriBandSnapshotLoading" name="test_snapshot_with_missing_triband" time="0.001" /><testcase classname="services.tests.test_forecast_engine_triband.TestTriBandFeatureConstruction" name="test_solcast_prior_from_snapshot_exposes_triband" time="0.029" /><testcase classname="services.tests.test_forecast_engine_triband.TestTriBandFeatureConstruction" name="test_build_features_with_triband" time="0.023" /><testcase classname="services.tests.test_forecast_engine_triband.TestTriBandFeatureConstruction" name="test_build_features_without_triband" time="0.006" /><testcase classname="services.tests.test_forecast_engine_triband.TestTriBandFeatureConstruction" name="test_spread_metrics_constraints" time="0.005" /><testcase classname="services.tests.test_forecast_engine_triband.TestTrainingDataWithTriBand" name="test_collect_training_data_hardened_mixed" time="30.679" /><testcase classname="services.tests.test_forecast_engine_triband.TestTrainingDataWithTriBand" name="test_feature_count_consistency" time="0.000" /><testcase classname="services.tests.test_forecast_engine_weather.ForecastEngineWeatherTests" name="test_fetch_weather_forecast_today_uses_cache_when_live_fetch_fails" time="0.025" /><testcase classname="services.tests.test_forecast_engine_weather.ForecastEngineWeatherTests" name="test_fetch_weather_forecast_today_uses_cache_when_payload_invalid" time="0.016" /><testcase classname="services.tests.test_forecast_engine_weather.ForecastEngineWeatherTests" name="test_interpolate_5min_preserves_time_column" time="0.017" /><testcase classname="services.tests.test_forecast_engine_weather.ForecastEngineWeatherTests" name="test_run_dayahead_uses_saved_snapshot_when_live_forecast_weather_missing" time="0.032" /><testcase classname="services.tests.test_hyperparameter_snapshot.TestErrorMemoryConstants" name="test_err_memory_days" time="0.000" /><testcase classname="services.tests.test_hyperparameter_snapshot.TestErrorMemoryConstants" name="test_err_memory_decay" time="0.000" /><testcase classname="services.tests.test_hyperparameter_snapshot.TestErrorMemoryConstants" name="test_error_alpha" time="0.000" /><testcase classname="services.tests.test_hyperparameter_snapshot.TestErrorMemoryConstants" name="test_err_memory_regime_mismatch_penalty_fallback" time="0.000" /><testcase classname="services.tests.test_hyperparameter_snapshot.TestErrorMemoryDaysByRegime" name="test_clear_regime_window" time="0.000" /><testcase classname="services.tests.test_hyperparameter_snapshot.TestErrorMemoryDaysByRegime" name="test_mixed_regime_window" time="0.000" /><testcase classname="services.tests.test_hyperparameter_snapshot.TestErrorMemoryDaysByRegime" name="test_overcast_regime_window" time="0.000" /><testcase classname="services.tests.test_hyperparameter_snapshot.TestErrorMemoryDaysByRegime" name="test_rainy_regime_window" time="0.000" /><testcase classname="services.tests.test_hyperparameter_snapshot.TestErrorMemoryDaysByRegime" name="test_regime_window_ordering" time="0.000" /><testcase classname="services.tests.test_hyperparameter_snapshot.TestRegimePenaltyMatrix" name="test_matrix_is_symmetric" time="0.001" /><testcase classname="services.tests.test_hyperparameter_snapshot.TestRegimePenaltyMatrix" name="test_neighboring_regimes_penalized_less" time="0.000" /><testcase classname="services.tests.test_hyperparameter_snapshot.TestRegimePenaltyMatrix" name="test_clear_vs_rainy_is_lowest" time="0.000" /><testcase classname="services.tests.test_hyperparameter_snapshot.TestRegimePenaltyMatrix" name="test_matrix_exact_values" time="0.000" /><testcase classname="services.tests.test_hyperparameter_snapshot.TestRegimeBlendConstants" name="test_regime_model_min_days" time="0.000" /><testcase classname="services.tests.test_hyperparameter_snapshot.TestRegimeBlendConstants" name="test_regime_blend_base" time="0.000" /><testcase classname="services.tests.test_hyperparameter_snapshot.TestRegimeBlendConstants" name="test_regime_blend_max" time="0.000" /><testcase classname="services.tests.test_hyperparameter_snapshot.TestRegimeBlendConstants" name="test_blend_ordering" time="0.000" /><testcase classname="services.tests.test_hyperparameter_snapshot.TestMinUsableSlotsForEligibility" name="test_constant_present" time="0.000" /><testcase classname="services.tests.test_hyperparameter_snapshot.TestMinUsableSlotsForEligibility" name="test_derived_from_solar_slots" time="0.000" /><testcase classname="services.tests.test_hyperparameter_snapshot.TestMinUsableSlotsForEligibility" name="test_current_value" time="0.000" /><testcase classname="services.tests.test_hyperparameter_snapshot.TestSolcastCoverageThresholds" name="test_fresh_threshold" time="0.000" /><testcase classname="services.tests.test_hyperparameter_snapshot.TestSolcastCoverageThresholds" name="test_usable_threshold" time="0.000" /><testcase classname="services.tests.test_hyperparameter_snapshot.TestSolcastCoverageThresholds" name="test_threshold_ordering" time="0.000" /><testcase classname="services.tests.test_hyperparameter_snapshot.TestSQLiteRetryConstants" name="test_retry_attempts" time="0.000" /><testcase classname="services.tests.test_hyperparameter_snapshot.TestSQLiteRetryConstants" name="test_retry_backoff" time="0.000" /><testcase classname="services.tests.test_hyperparameter_snapshot.TestSQLiteRetryConstants" name="test_read_timeout" time="0.000" /><testcase classname="services.tests.test_hyperparameter_snapshot.TestSQLiteRetryConstants" name="test_write_timeout" time="0.000" /><testcase classname="services.tests.test_hyperparameter_snapshot.TestSQLiteRetryConstants" name="test_write_timeout_greater_than_read" time="0.000" /><testcase classname="services.tests.test_modbus_rtu.TestCRC16" name="test_crc16_vector_1" time="0.000" /><testcase classname="services.tests.test_modbus_rtu.TestCRC16" name="test_crc16_vector_2" time="0.000" /><testcase classname="services.tests.test_modbus_rtu.TestCRC16" name="test_crc16_vector_3" time="0.000" /><testcase classname="services.tests.test_modbus_rtu.TestCRC16" name="test_crc16_with_leading_zeros" time="0.000" /><testcase classname="services.tests.test_modbus_rtu.TestRTUADU" name="test_build_and_parse_fc03" time="0.000" /><testcase classname="services.tests.test_modbus_rtu.TestRTUADU" name="test_build_and_parse_fc04" time="0.000" /><testcase classname="services.tests.test_modbus_rtu.TestRTUADU" name="test_build_and_parse_fc06" time="0.000" /><testcase classname="services.tests.test_modbus_rtu.TestRTUADU" name="test_build_and_parse_fc10" time="0.000" /><testcase classname="services.tests.test_modbus_rtu.TestRTUADU" name="test_build_and_parse_vendor_fc71" time="0.000" /><testcase classname="services.tests.test_modbus_rtu.TestRTUADU" name="test_crc_corruption_detected" time="0.000" /><testcase classname="services.tests.test_modbus_rtu.TestRTUADU" name="test_multiunit" time="0.001" /><testcase classname="services.tests.test_modbus_rtu.TestRTUADU" name="test_parse_rtu_adu_too_short" time="0.001" /><testcase classname="services.tests.test_modbus_rtu.TestTCPADU" name="test_parse_tcp_adu_fc03" time="0.000" /><testcase classname="services.tests.test_modbus_rtu.TestTCPADU" name="test_parse_tcp_adu_fc04" time="0.000" /><testcase classname="services.tests.test_modbus_rtu.TestExceptionResponse" name="test_build_exception_response_fc03_timeout" time="0.000" /><testcase classname="services.tests.test_modbus_rtu.TestExceptionResponse" name="test_build_exception_response_fc04_crc_fail" time="0.000" /><testcase classname="services.tests.test_modbus_rtu.TestExceptionResponse" name="test_exception_response_in_rtu_adu" time="0.000" /><testcase classname="services.tests.test_poll_firmware_guard_order.PollFirmwareGuardOrderTest" name="test_poll_inverter_guard_before_first_detect" time="0.001" /><testcase classname="services.tests.test_poll_firmware_guard_order.PollFirmwareGuardOrderTest" name="test_slow_poll_inverter_guard_before_detect" time="0.001" /><testcase classname="services.tests.test_poll_inverter_hotreload.PollInverterHotReloadTests" name="test_empty_static_units_keeps_last_good_list" time="0.776" /><testcase classname="services.tests.test_poll_inverter_hotreload.PollInverterHotReloadTests" name="test_poll_interval_change_is_picked_up_without_restart" time="0.620" /><testcase classname="services.tests.test_poll_inverter_hotreload.PollInverterHotReloadTests" name="test_unit_added_mid_flight_is_polled_without_restart" time="0.363" /><testcase classname="services.tests.test_poll_inverter_hotreload.PollInverterHotReloadTests" name="test_unit_removed_mid_flight_stops_being_polled" time="0.351" /><testcase classname="services.tests.test_read_fast_async.HardwareCounterDecodeTests" name="test_alarm32_composite" time="0.003" /><testcase classname="services.tests.test_read_fast_async.HardwareCounterDecodeTests" name="test_parce_decode" time="0.000" /><testcase classname="services.tests.test_read_fast_async.HardwareCounterDecodeTests" name="test_rtc_all_zero_invalid" time="0.000" /><testcase classname="services.tests.test_read_fast_async.HardwareCounterDecodeTests" name="test_rtc_out_of_band_month" time="0.000" /><testcase classname="services.tests.test_read_fast_async.HardwareCounterDecodeTests" name="test_rtc_short_buffer" time="0.000" /><testcase classname="services.tests.test_read_fast_async.HardwareCounterDecodeTests" name="test_rtc_valid_current_year" time="0.000" /><testcase classname="services.tests.test_read_fast_async.HardwareCounterDecodeTests" name="test_rtc_year_2047_invalid" time="0.000" /><testcase classname="services.tests.test_read_fast_async.HardwareCounterDecodeTests" name="test_rtc_year_2100_accepted_without_server_year" time="0.000" /><testcase classname="services.tests.test_read_fast_async.HardwareCounterDecodeTests" name="test_u32_decode_known_etotal" time="0.000" /><testcase classname="services.tests.test_read_fast_async.HardwareCounterDecodeTests" name="test_u32_decode_out_of_range" time="0.000" /><testcase classname="services.tests.test_read_fast_async.HardwareCounterDecodeTests" name="test_u32_decode_zero" time="0.000" /><testcase classname="services.tests.test_read_fast_async.SignedInt16DecodeTests" name="test_signed_int16_idc_negative" time="0.000" /><testcase classname="services.tests.test_read_fast_async.SignedInt16DecodeTests" name="test_signed_int16_negative_one" time="0.000" /><testcase classname="services.tests.test_read_fast_async.SignedInt16DecodeTests" name="test_signed_int16_pac_negative_min" time="0.000" /><testcase classname="services.tests.test_read_fast_async.SignedInt16DecodeTests" name="test_signed_int16_pac_positive_max" time="0.001" /><testcase classname="services.tests.test_read_fast_async.SignedInt16DecodeTests" name="test_signed_int16_positive_one" time="0.000" /><testcase classname="services.tests.test_read_fast_async.SignedInt16DecodeTests" name="test_signed_int16_zero" time="0.000" /><testcase classname="services.tests.test_rebuild_metrics_prune.RebuildMetricsPruneTests" name="test_ip_change_same_number_keeps_metrics" time="0.093" /><testcase classname="services.tests.test_rebuild_metrics_prune.RebuildMetricsPruneTests" name="test_malformed_config_key_does_not_crash" time="0.049" /><testcase classname="services.tests.test_rebuild_metrics_prune.RebuildMetricsPruneTests" name="test_removed_inverter_metrics_are_reclaimed" time="0.046" /><testcase classname="services.tests.test_rebuild_metrics_prune.RebuildMetricsPruneTests" name="test_unit_count_shrink_reclaims_dropped_units" time="0.048" /><testcase classname="services.tests.test_seed_decision.SeedGateHappyPath" name="test_falls_back_to_parce_when_etotal_flat_but_parce_advanced" time="0.000" /><testcase classname="services.tests.test_seed_decision.SeedGateHappyPath" name="test_seeds_etotal_delta_when_all_anchors_present" time="0.001" /><testcase classname="services.tests.test_seed_decision.SeedGateRefusesWithoutYesterdaySnapshot" name="test_allows_small_overnight_gap" time="0.000" /><testcase classname="services.tests.test_seed_decision.SeedGateRefusesWithoutYesterdaySnapshot" name="test_refuses_when_midnight_gap_too_large" time="0.000" /><testcase classname="services.tests.test_seed_decision.SeedGateRefusesWithoutYesterdaySnapshot" name="test_refuses_when_today_baseline_below_yesterday" time="0.000" /><testcase classname="services.tests.test_seed_decision.SeedGateRefusesWithoutYesterdaySnapshot" name="test_refuses_when_yesterday_absent" time="0.000" /><testcase classname="services.tests.test_seed_decision.SeedGateRefusesWithoutYesterdaySnapshot" name="test_refuses_when_yesterday_etotal_zero" time="0.000" /><testcase classname="services.tests.test_seed_decision.SeedGateRespectsExistingHealthGates" name="test_refuses_on_counter_regressed" time="0.000" /><testcase classname="services.tests.test_seed_decision.SeedGateRespectsExistingHealthGates" name="test_refuses_on_invalid_rtc_year" time="0.000" /><testcase classname="services.tests.test_seed_decision.SeedGateRespectsExistingHealthGates" name="test_refuses_on_sanity_cap_exceeded" time="0.000" /><testcase classname="services.tests.test_seed_decision.SeedGateRespectsExistingHealthGates" name="test_returns_counter_flat_when_no_movement" time="0.000" /><testcase classname="services.tests.test_serial_io.ValidateSerialFormatTests" name="test_motorola_too_short" time="0.000" /><testcase classname="services.tests.test_serial_io.ValidateSerialFormatTests" name="test_motorola_valid" time="0.000" /><testcase classname="services.tests.test_serial_io.ValidateSerialFormatTests" name="test_non_ascii_rejected" time="0.000" /><testcase classname="services.tests.test_serial_io.ValidateSerialFormatTests" name="test_non_printable_rejected" time="0.000" /><testcase classname="services.tests.test_serial_io.ValidateSerialFormatTests" name="test_non_string_rejected" time="0.000" /><testcase classname="services.tests.test_serial_io.ValidateSerialFormatTests" name="test_tx_too_short" time="0.000" /><testcase classname="services.tests.test_serial_io.ValidateSerialFormatTests" name="test_tx_valid" time="0.000" /><testcase classname="services.tests.test_serial_io.ValidateSerialFormatTests" name="test_unknown_fmt" time="0.001" /><testcase classname="services.tests.test_serial_io.SerialToRegistersTests" name="test_motorola_packing" time="0.000" /><testcase classname="services.tests.test_serial_io.SerialToRegistersTests" name="test_packing_round_trip" time="0.000" /><testcase classname="services.tests.test_serial_io.SerialToRegistersTests" name="test_packing_validates_format" time="0.000" /><testcase classname="services.tests.test_serial_io.SerialToRegistersTests" name="test_tx_packing_length" time="0.000" /><testcase classname="services.tests.test_serial_io.WireConstantsTests" name="test_byte_lengths" time="0.001" /><testcase classname="services.tests.test_serial_io.WireConstantsTests" name="test_register_counts" time="0.000" /><testcase classname="services.tests.test_serial_io.WireConstantsTests" name="test_serial_register" time="0.000" /><testcase classname="services.tests.test_serial_io.WireConstantsTests" name="test_unlock_register" time="0.000" /><testcase classname="services.tests.test_serial_io.ReadSerialWithLockTests" name="test_eki_inverter_serial_read" time="0.001" /><testcase classname="services.tests.test_serial_io.ReadSerialWithLockTests" name="test_format_mismatch_warns_but_returns_ok" time="0.000" /><testcase classname="services.tests.test_serial_io.ReadSerialWithLockTests" name="test_modbus_exception_returns_error" time="0.000" /><testcase classname="services.tests.test_serial_io.ReadSerialWithLockTests" name="test_motorola_serial_read" time="0.000" /><testcase classname="services.tests.test_serial_io.WriteSerialWithLockTests" name="test_format_error_short_circuits_no_modbus_calls" time="0.001" /><testcase classname="services.tests.test_serial_io.WriteSerialWithLockTests" name="test_success_path_motorola" time="0.001" /><testcase classname="services.tests.test_serial_io.WriteSerialWithLockTests" name="test_unknown_fmt_caught_by_format_gate" time="0.000" /><testcase classname="services.tests.test_serial_io.WriteSerialWithLockTests" name="test_unlock_exception_short_circuits_write" time="0.001" /><testcase classname="services.tests.test_serial_io.WriteSerialWithLockTests" name="test_unlock_failure_short_circuits_write" time="0.001" /><testcase classname="services.tests.test_serial_io.WriteSerialWithLockTests" name="test_verify_mismatch_returns_verify_failed" time="0.001" /><testcase classname="services.tests.test_serial_io.WriteSerialWithLockTests" name="test_write_ack_lost_but_readback_confirms_is_success" time="0.001" /><testcase classname="services.tests.test_serial_io.WriteSerialWithLockTests" name="test_write_failed_when_readback_still_old" time="0.001" /><testcase classname="services.tests.test_serial_io.WriteSerialWithLockTests" name="test_write_unconfirmed_when_readback_unavailable" time="0.002" /><testcase classname="services.tests.test_serial_io.InfoToDictTests" name="test_round_trip" time="0.000" /><testcase classname="services.tests.test_slow_poll_decode.SlowPollDecodeTests" name="test_alarms_inst_32_full_fixture" time="0.002" /><testcase classname="services.tests.test_slow_poll_decode.SlowPollDecodeTests" name="test_alarms_inst_32_zero" time="0.000" /><testcase classname="services.tests.test_slow_poll_decode.SlowPollDecodeTests" name="test_alarms_maint_32_all_bits" time="0.000" /><testcase classname="services.tests.test_slow_poll_decode.SlowPollDecodeTests" name="test_alarms_maint_32_full_fixture" time="0.000" /><testcase classname="services.tests.test_slow_poll_decode.SlowPollDecodeTests" name="test_all_zero_frame_offline" time="0.000" /><testcase classname="services.tests.test_slow_poll_decode.SlowPollDecodeTests" name="test_inverter_state_raw_fixture" time="0.000" /><testcase classname="services.tests.test_slow_poll_decode.SlowPollDecodeTests" name="test_inverter_state_raw_zero" time="0.000" /><testcase classname="services.tests.test_slow_poll_decode.SlowPollDecodeTests" name="test_nominal_power_w_fixture" time="0.000" /><testcase classname="services.tests.test_slow_poll_decode.SlowPollDecodeTests" name="test_nominal_power_w_zero_offline" time="0.000" /><testcase classname="services.tests.test_slow_poll_decode.SlowPollDecodeTests" name="test_power_reduction_bits_fixture" time="0.000" /><testcase classname="services.tests.test_slow_poll_decode.SlowPollDecodeTests" name="test_power_reduction_bits_modbus_only" time="0.000" /><testcase classname="services.tests.test_slow_poll_decode.SlowPollDecodeTests" name="test_power_reduction_bits_no_limit" time="0.000" /><testcase classname="services.tests.test_slow_poll_decode.SlowPollDecodeTests" name="test_qac_var_max_negative" time="0.000" /><testcase classname="services.tests.test_slow_poll_decode.SlowPollDecodeTests" name="test_qac_var_max_positive" time="0.000" /><testcase classname="services.tests.test_slow_poll_decode.SlowPollDecodeTests" name="test_qac_var_negative_fixture" time="0.000" /><testcase classname="services.tests.test_slow_poll_decode.SlowPollDecodeTests" name="test_qac_var_positive_fixture" time="0.000" /><testcase classname="services.tests.test_slow_poll_decode.SlowPollDecodeTests" name="test_qac_var_zero_offline" time="0.000" /><testcase classname="services.tests.test_slow_poll_decode.SlowPollDecodeTests" name="test_tempint_c_max_negative" time="0.000" /><testcase classname="services.tests.test_slow_poll_decode.SlowPollDecodeTests" name="test_tempint_c_max_positive" time="0.000" /><testcase classname="services.tests.test_slow_poll_decode.SlowPollDecodeTests" name="test_tempint_c_negative_fixture" time="0.000" /><testcase classname="services.tests.test_slow_poll_decode.SlowPollDecodeTests" name="test_tempint_c_positive_fixture" time="0.000" /><testcase classname="services.tests.test_slow_poll_decode.SlowPollDecodeTests" name="test_tempint_c_zero_offline" time="0.001" /><testcase classname="services.tests.test_slow_poll_decode.SlowPollDecodeTests" name="test_time_to_connect_remaining_fixture" time="0.000" /><testcase classname="services.tests.test_slow_poll_decode.SlowPollDecodeTests" name="test_time_to_connect_total_fixture" time="0.000" /><testcase classname="services.tests.test_slow_poll_decode.SlowPollDecodeTests" name="test_time_to_connect_zero_connected" time="0.000" /><testcase classname="services.tests.test_slow_poll_decode.SlowPollDecodeTests" name="test_truncated_frame_missing_last_regs" time="0.000" /><testcase classname="services.tests.test_slow_poll_decode.SlowPollDecodeTests" name="test_vpv_both_zero_offline" time="0.000" /><testcase classname="services.tests.test_slow_poll_decode.SlowPollDecodeTests" name="test_vpv_n_v_fixture" time="0.000" /><testcase classname="services.tests.test_slow_poll_decode.SlowPollDecodeTests" name="test_vpv_p_v_fixture" time="0.000" /><testcase classname="services.tests.test_slow_poll_decode.SlowPollDecodeTests" name="test_zneg_kohm_realistic" time="0.000" /><testcase classname="services.tests.test_slow_poll_decode.SlowPollDecodeTests" name="test_zpos_kohm_realistic" time="0.000" /><testcase classname="services.tests.test_slow_poll_decode.SlowPollDecodeTests" name="test_zpos_zneg_zero_offline" time="0.000" /><testcase classname="services.tests.test_spread_weight.TestSpreadWeightUnknownSpread" name="test_none_spread_returns_mid_trust" time="0.000" /><testcase classname="services.tests.test_spread_weight.TestSpreadWeightUnknownSpread" name="test_none_spread_with_scheduled_capture" time="0.000" /><testcase classname="services.tests.test_spread_weight.TestSpreadWeightUnknownSpread" name="test_zero_spread_treated_as_unknown" time="0.000" /><testcase classname="services.tests.test_spread_weight.TestSpreadWeightUnknownSpread" name="test_negative_spread_clamped_to_unknown" time="0.000" /><testcase classname="services.tests.test_spread_weight.TestSpreadWeightUnknownSpread" name="test_none_spread_with_backfill_compounds" time="0.000" /><testcase classname="services.tests.test_spread_weight.TestSpreadWeightMeasuredSpread" name="test_very_narrow_spread" time="0.000" /><testcase classname="services.tests.test_spread_weight.TestSpreadWeightMeasuredSpread" name="test_moderate_spread" time="0.000" /><testcase classname="services.tests.test_spread_weight.TestSpreadWeightMeasuredSpread" name="test_wide_spread" time="0.000" /><testcase classname="services.tests.test_spread_weight.TestSpreadWeightMeasuredSpread" name="test_spread_at_floor" time="0.000" /><testcase classname="services.tests.test_spread_weight.TestSpreadWeightMeasuredSpread" name="test_spread_beyond_floor" time="0.000" /><testcase classname="services.tests.test_spread_weight.TestSpreadWeightBackfillCompound" name="test_narrow_spread_backfill" time="0.000" /><testcase classname="services.tests.test_spread_weight.TestSpreadWeightBackfillCompound" name="test_small_spread_backfill" time="0.000" /><testcase classname="services.tests.test_spread_weight.TestSpreadWeightBackfillCompound" name="test_floor_spread_backfill_is_compound_floor" time="0.000" /><testcase classname="services.tests.test_spread_weight.TestSpreadWeightBackfillCompound" name="test_docstring_range_lower_bound" time="0.000" /><testcase classname="services.tests.test_spread_weight.TestSpreadWeightBackfillCompound" name="test_docstring_range_upper_bound" time="0.000" /><testcase classname="services.tests.test_spread_weight.TestSpreadWeightDoesNotCrash" name="test_all_combinations" time="0.000" /><testcase classname="services.tests.test_sqlite_retry.TestIsRetryableSqliteError" name="test_locked_message_is_retryable" time="0.000" /><testcase classname="services.tests.test_sqlite_retry.TestIsRetryableSqliteError" name="test_busy_message_is_retryable" time="0.001" /><testcase classname="services.tests.test_sqlite_retry.TestIsRetryableSqliteError" name="test_bare_locked_is_retryable" time="0.001" /><testcase classname="services.tests.test_sqlite_retry.TestIsRetryableSqliteError" name="test_bare_busy_is_retryable" time="0.000" /><testcase classname="services.tests.test_sqlite_retry.TestIsRetryableSqliteError" name="test_case_insensitive_lock_match" time="0.000" /><testcase classname="services.tests.test_sqlite_retry.TestIsRetryableSqliteError" name="test_non_operational_error_not_retryable" time="0.000" /><testcase classname="services.tests.test_sqlite_retry.TestIsRetryableSqliteError" name="test_syntax_error_not_retryable" time="0.000" /><testcase classname="services.tests.test_sqlite_retry.TestIsRetryableSqliteError" name="test_unable_to_open_is_retryable" time="0.000" /><testcase classname="services.tests.test_sqlite_retry.TestIsRetryableSqliteError" name="test_disk_io_error_is_retryable" time="0.000" /><testcase classname="services.tests.test_sqlite_retry.TestIsRetryableSqliteError" name="test_disk_io_case_insensitive" time="0.000" /><testcase classname="services.tests.test_sqlite_retry.TestIsRetryableSqliteError" name="test_no_such_table_not_retryable" time="0.000" /><testcase classname="services.tests.test_sqlite_retry.TestIsRetryableSqliteError" name="test_no_such_column_not_retryable" time="0.000" /><testcase classname="services.tests.test_sqlite_retry.TestPersistQaComparisonRetry" name="test_is_retryable_error_detected" time="0.005" /><testcase classname="services.tests.test_sqlite_retry.TestPersistQaComparisonRetry" name="test_retry_loop_constants" time="0.004" /><testcase classname="services.tests.test_sqlite_retry.TestWriteForecastRunAuditRetry" name="test_retry_loop_present_in_source" time="0.001" /><testcase classname="services.tests.test_sqlite_retry.TestPersistQaComparisonRetryLoopPresence" name="test_retry_loop_in_source" time="0.003" /><testcase classname="services.tests.test_sqlite_retry.TestSleepSqliteRetry" name="test_first_attempt_backoff" time="0.000" /><testcase classname="services.tests.test_sqlite_retry.TestSleepSqliteRetry" name="test_second_attempt_backoff" time="0.000" /><testcase classname="services.tests.test_sqlite_retry.TestSleepSqliteRetry" name="test_third_attempt_backoff" time="0.000" /><testcase classname="services.tests.test_sqlite_retry.TestSleepSqliteRetry" name="test_cap_at_two_seconds" time="0.000" /><testcase classname="services.tests.test_sqlite_retry.TestSleepSqliteRetry" name="test_zero_or_negative_attempt_safe" time="0.000" /><testcase classname="services.tests.test_sqlite_retry.TestOpenSqlitePragmaTuning" name="test_readonly_connection_pragmas" time="0.006" /><testcase classname="services.tests.test_sqlite_retry.TestOpenSqlitePragmaTuning" name="test_write_connection_synchronous_normal" time="0.002" /><testcase classname="services.tests.test_sqlite_retry.TestOpenSqlitePragmaTuning" name="test_write_connection_busy_timeout_set" time="0.002" /><testcase classname="services.tests.test_standard_stop_reasons.StandardStopReasonsTests" name="test_captured_at_ms_derivation" time="0.001" /><testcase classname="services.tests.test_standard_stop_reasons.StandardStopReasonsTests" name="test_empty_ring_buffer_all_year_zero" time="0.000" /><testcase classname="services.tests.test_standard_stop_reasons.StandardStopReasonsTests" name="test_get_motive_label_code_0_none" time="0.000" /><testcase classname="services.tests.test_standard_stop_reasons.StandardStopReasonsTests" name="test_get_motive_label_code_1_vin" time="0.000" /><testcase classname="services.tests.test_standard_stop_reasons.StandardStopReasonsTests" name="test_get_motive_label_code_30_frama2" time="0.000" /><testcase classname="services.tests.test_standard_stop_reasons.StandardStopReasonsTests" name="test_get_motive_label_code_7_temperatura" time="0.000" /><testcase classname="services.tests.test_standard_stop_reasons.StandardStopReasonsTests" name="test_get_motive_label_code_99_unknown" time="0.000" /><testcase classname="services.tests.test_standard_stop_reasons.StandardStopReasonsTests" name="test_get_motive_label_code_negative_1_offline" time="0.000" /><testcase classname="services.tests.test_standard_stop_reasons.StandardStopReasonsTests" name="test_invalid_datetime_clamping" time="0.000" /><testcase classname="services.tests.test_standard_stop_reasons.StandardStopReasonsTests" name="test_per_ip_lock_acquired_and_released" time="0.000" /><testcase classname="services.tests.test_standard_stop_reasons.StandardStopReasonsTests" name="test_pointer_out_of_range_defaults_to_0" time="0.000" /><testcase classname="services.tests.test_standard_stop_reasons.StandardStopReasonsTests" name="test_read_at_ms_wall_clock_when_invoked" time="0.000" /><testcase classname="services.tests.test_standard_stop_reasons.StandardStopReasonsTests" name="test_read_returns_none_on_failure" time="0.000" /><testcase classname="services.tests.test_standard_stop_reasons.StandardStopReasonsTests" name="test_ring_buffer_wrap_pointer_equals_3" time="0.000" /><testcase classname="services.tests.test_standard_stop_reasons.StandardStopReasonsTests" name="test_signed_motive_code_negative" time="0.000" /><testcase classname="services.tests.test_standard_stop_reasons.StandardStopReasonsTests" name="test_single_event_in_slot_0" time="0.000" /><testcase classname="services.tests.test_standard_stop_reasons.StandardStopReasonsTests" name="test_sort_order_most_recent_first" time="0.000" /><testcase classname="services.tests.test_standard_stop_reasons.StandardStopReasonsTests" name="test_year_byte_2_digit_offset_2000" time="0.000" /><testcase classname="services.tests.test_stop_reason_parse.ParseStopReasonTests" name="test_debug_desc_at_idx_24" time="0.000" /><testcase classname="services.tests.test_stop_reason_parse.ParseStopReasonTests" name="test_decodes_pot_ac_with_signed_scaling" time="0.000" /><testcase classname="services.tests.test_stop_reason_parse.ParseStopReasonTests" name="test_decodes_voltage_and_frequency_scaling" time="0.001" /><testcase classname="services.tests.test_stop_reason_parse.ParseStopReasonTests" name="test_extra_bytes_ignored" time="0.001" /><testcase classname="services.tests.test_stop_reason_parse.ParseStopReasonTests" name="test_is_active_event_false_when_all_zero" time="0.000" /><testcase classname="services.tests.test_stop_reason_parse.ParseStopReasonTests" name="test_is_active_event_true_when_motparo_set" time="0.000" /><testcase classname="services.tests.test_stop_reason_parse.ParseStopReasonTests" name="test_is_active_event_true_when_only_debug_desc_set" time="0.000" /><testcase classname="services.tests.test_stop_reason_parse.ParseStopReasonTests" name="test_mes_dia_split_high_byte_month_low_byte_day" time="0.000" /><testcase classname="services.tests.test_stop_reason_parse.ParseStopReasonTests" name="test_negative_pot_ac_decodes_signed" time="0.000" /><testcase classname="services.tests.test_stop_reason_parse.ParseStopReasonTests" name="test_signed_temp_handles_below_zero" time="0.000" /><testcase classname="services.tests.test_stop_reason_parse.ParseStopReasonTests" name="test_too_short_raises" time="0.000" /><testcase classname="services.tests.test_stop_reason_parse.FingerprintTests" name="test_different_debug_desc_different_fingerprint" time="0.000" /><testcase classname="services.tests.test_stop_reason_parse.FingerprintTests" name="test_different_struct_timestamp_different_fingerprint" time="0.000" /><testcase classname="services.tests.test_stop_reason_parse.FingerprintTests" name="test_same_event_same_fingerprint" time="0.000" /><testcase classname="services.tests.test_stop_reason_parse.FingerprintTests" name="test_telemetry_drift_does_not_change_fingerprint" time="0.000" /><testcase classname="services.tests.test_stop_reason_parse.ToCapturePayloadTests" name="test_alarm_transition_capture_carries_event_ts_and_alarm_id" time="0.000" /><testcase classname="services.tests.test_stop_reason_parse.ToCapturePayloadTests" name="test_minimal_manual_capture" time="0.000" /><testcase classname="services.tests.test_stop_reason_parse.ParseArrayhistTests" name="test_to_capture_payload" time="0.000" /><testcase classname="services.tests.test_stop_reason_parse.ParseArrayhistTests" name="test_too_short_raises" time="0.000" /><testcase classname="services.tests.test_stop_reason_parse.ParseArrayhistTests" name="test_total_at_slot_30" time="0.000" /><testcase classname="services.tests.test_stop_reason_parse.AddressConstantsTests" name="test_arrayhist_constants" time="0.000" /><testcase classname="services.tests.test_stop_reason_parse.AddressConstantsTests" name="test_node_addresses_match_decompile" time="0.000" /><testcase classname="services.tests.test_stop_reason_parse.AddressConstantsTests" name="test_node_cap_is_3" time="0.000" /><testcase classname="services.tests.test_stop_reason_parse.AddressConstantsTests" name="test_stop_reason_count_and_bytes" time="0.000" /><testcase classname="services.tests.test_stop_reason_parse.ReadWithLockTests" name="test_include_histogram_reads_arrayhist" time="0.001" /><testcase classname="services.tests.test_stop_reason_parse.ReadWithLockTests" name="test_partial_failure_does_not_abort_sweep" time="0.001" /><testcase classname="services.tests.test_stop_reason_parse.ReadWithLockTests" name="test_reads_three_nodes_under_lock" time="0.001" /><testcase classname="services.tests.test_sync_clock.BulkAuthTests" name="test_bearer_prefix_ok" time="0.002" /><testcase classname="services.tests.test_sync_clock.BulkAuthTests" name="test_current_minute_key_accepted" time="0.000" /><testcase classname="services.tests.test_sync_clock.BulkAuthTests" name="test_next_minute_key_accepted" time="0.000" /><testcase classname="services.tests.test_sync_clock.BulkAuthTests" name="test_prior_minute_key_accepted" time="0.000" /><testcase classname="services.tests.test_sync_clock.BulkAuthTests" name="test_rejects_retired_sacups_prefix" time="0.000" /><testcase classname="services.tests.test_sync_clock.BulkAuthTests" name="test_rejects_unknown" time="0.000" /><testcase classname="services.tests.test_unit_dead_backoff.UnitDeadBackoffTests" name="test_all_units_dead_throttle_and_recover" time="1.475" /><testcase classname="services.tests.test_unit_dead_backoff.UnitDeadBackoffTests" name="test_dead_unit_is_throttled_while_siblings_keep_fast_cadence" time="1.029" /><testcase classname="services.tests.test_unit_dead_backoff.UnitDeadBackoffTests" name="test_disable_flag_restores_every_cycle_probe" time="0.423" /><testcase classname="services.tests.test_unit_dead_backoff.UnitDeadBackoffTests" name="test_throttled_unit_resumes_fast_polling_on_recovery" time="1.161" /><testcase classname="services.tests.test_unit_dead_backoff.UnitDeadBackoffTests" name="test_transient_single_miss_does_not_throttle" time="0.415" /><testcase classname="services.tests.test_vendor_pdu.BuildFc71PeekPduTests" name="test_addr_range_rejected" time="0.000" /><testcase classname="services.tests.test_vendor_pdu.BuildFc71PeekPduTests" name="test_arrayhist_addr_x31_words" time="0.000" /><testcase classname="services.tests.test_vendor_pdu.BuildFc71PeekPduTests" name="test_count_range_rejected" time="0.000" /><testcase classname="services.tests.test_vendor_pdu.BuildFc71PeekPduTests" name="test_node1_addr_x25_words" time="0.001" /><testcase classname="services.tests.test_vendor_pdu.BuildFc71PeekPduTests" name="test_node_address_formula" time="0.000" /><testcase classname="services.tests.test_vendor_pdu.ParseFc71ResponsePduTests" name="test_addr_echo_mismatch_raises" time="0.000" /><testcase classname="services.tests.test_vendor_pdu.ParseFc71ResponsePduTests" name="test_parses_arrayhist_payload" time="0.000" /><testcase classname="services.tests.test_vendor_pdu.ParseFc71ResponsePduTests" name="test_parses_stop_reason_payload" time="0.000" /><testcase classname="services.tests.test_vendor_pdu.ParseFc71ResponsePduTests" name="test_too_short_raises" time="0.000" /><testcase classname="services.tests.test_vendor_pdu.ParseFc71ResponsePduTests" name="test_truncated_body_raises" time="0.000" /><testcase classname="services.tests.test_vendor_pdu.ParseFc11SlaveIdTests" name="test_alternate_serial_eki_inverter23" time="0.000" /><testcase classname="services.tests.test_vendor_pdu.ParseFc11SlaveIdTests" name="test_motorola_serial_extracted" time="0.000" /><testcase classname="services.tests.test_vendor_pdu.ParseFc11SlaveIdTests" name="test_non_printable_serial_marked_unknown" time="0.000" /><testcase classname="services.tests.test_vendor_pdu.ParseFc11SlaveIdTests" name="test_short_payload_raises" time="0.000" /><testcase classname="services.tests.test_vendor_pdu.VendorScopePeekIntegrationTests" name="test_modbus_exception_response_raises" time="0.001" /><testcase classname="services.tests.test_vendor_pdu.VendorScopePeekIntegrationTests" name="test_no_socket_raises" time="0.000" /><testcase classname="services.tests.test_vendor_pdu.VendorScopePeekIntegrationTests" name="test_sends_correct_mbap_frame_and_returns_data" time="0.000" /><testcase classname="services.tests.test_vendor_pdu.VendorScopePeekIntegrationTests" name="test_txn_id_mismatch_raises" time="0.000" /><testcase classname="services.tests.test_vendor_pdu.ReadSlaveIdIntegrationTests" name="test_fc11_exception_raises" time="0.000" /><testcase classname="services.tests.test_vendor_pdu.ReadSlaveIdIntegrationTests" name="test_reads_motorola_serial" time="0.000" /></testsuite></testsuites>